08:05:54,196 INFO  [org.jboss.modules] JBoss Modules version 1.1.1.GA
08:05:55,631 INFO  [org.jboss.msc] JBoss MSC version 1.0.2.GA
08:05:55,729 INFO  [org.jboss.as] JBAS015899: JBoss AS 7.1.1.Final "Brontes" starting
08:05:55,730 DEBUG [org.jboss.as.config] Configured system properties:
	OPENSHIFT_APP_UUID = 53189cd8ddce949bf8000016
	[Standalone] = 
	awt.toolkit = sun.awt.X11.XToolkit
	file.encoding = UTF-8
	file.encoding.pkg = sun.io
	file.separator = /
	java.awt.graphicsenv = sun.awt.X11GraphicsEnvironment
	java.awt.printerjob = sun.print.PSPrinterJob
	java.class.path = /var/lib/openshift/53189cd8ddce949bf8000016/jbossas/jboss-modules.jar
	java.class.version = 51.0
	java.endorsed.dirs = /usr/lib/jvm/java-1.7.0-openjdk-1.7.0.60-2.4.5.0.fc19.x86_64/jre/lib/endorsed
	java.ext.dirs = /usr/lib/jvm/java-1.7.0-openjdk-1.7.0.60-2.4.5.0.fc19.x86_64/jre/lib/ext:/usr/java/packages/lib/ext
	java.home = /usr/lib/jvm/java-1.7.0-openjdk-1.7.0.60-2.4.5.0.fc19.x86_64/jre
	java.io.tmpdir = /tmp
	java.library.path = /usr/java/packages/lib/amd64:/usr/lib64:/lib64:/lib:/usr/lib
	java.net.preferIPv4Stack = true
	java.runtime.name = OpenJDK Runtime Environment
	java.runtime.version = 1.7.0_51-mockbuild_2014_01_30_18_05-b00
	java.specification.name = Java Platform API Specification
	java.specification.vendor = Oracle Corporation
	java.specification.version = 1.7
	java.util.logging.manager = org.jboss.logmanager.LogManager
	java.vendor = Oracle Corporation
	java.vendor.url = http://java.oracle.com/
	java.vendor.url.bug = http://bugreport.sun.com/bugreport/
	java.version = 1.7.0_51
	java.vm.info = mixed mode
	java.vm.name = OpenJDK 64-Bit Server VM
	java.vm.specification.name = Java Virtual Machine Specification
	java.vm.specification.vendor = Oracle Corporation
	java.vm.specification.version = 1.7
	java.vm.vendor = Oracle Corporation
	java.vm.version = 24.51-b03
	javax.management.builder.initial = org.jboss.as.jmx.PluggableMBeanServerBuilder
	javax.xml.datatype.DatatypeFactory = __redirected.__DatatypeFactory
	javax.xml.parsers.DocumentBuilderFactory = __redirected.__DocumentBuilderFactory
	javax.xml.parsers.SAXParserFactory = __redirected.__SAXParserFactory
	javax.xml.stream.XMLEventFactory = __redirected.__XMLEventFactory
	javax.xml.stream.XMLInputFactory = __redirected.__XMLInputFactory
	javax.xml.stream.XMLOutputFactory = __redirected.__XMLOutputFactory
	javax.xml.transform.TransformerFactory = __redirected.__TransformerFactory
	javax.xml.validation.SchemaFactory:http://www.w3.org/2001/XMLSchema = __redirected.__SchemaFactory
	javax.xml.xpath.XPathFactory:http://java.sun.com/jaxp/xpath/dom = __redirected.__XPathFactory
	jboss.home.dir = /var/lib/openshift/53189cd8ddce949bf8000016/jbossas
	jboss.host.name = broker-104cc6
	jboss.modules.dir = /var/lib/openshift/53189cd8ddce949bf8000016/jbossas/modules
	jboss.node.name = jboss7-neo4j.openshift.local
	jboss.qualified.host.name = broker-104cc6.openshift.local
	jboss.server.base.dir = /var/lib/openshift/53189cd8ddce949bf8000016/jbossas/standalone
	jboss.server.config.dir = /var/lib/openshift/53189cd8ddce949bf8000016/jbossas/standalone/configuration
	jboss.server.data.dir = /var/lib/openshift/53189cd8ddce949bf8000016/jbossas/standalone/data
	jboss.server.deploy.dir = /var/lib/openshift/53189cd8ddce949bf8000016/jbossas/standalone/data/content
	jboss.server.log.dir = /var/lib/openshift/53189cd8ddce949bf8000016/jbossas/standalone/log
	jboss.server.name = broker-104cc6
	jboss.server.temp.dir = /var/lib/openshift/53189cd8ddce949bf8000016/jbossas/standalone/tmp
	jgroups.bind_addr = 127.1.245.129
	line.separator = 

	logging.configuration = file:/var/lib/openshift/53189cd8ddce949bf8000016/jbossas/standalone/configuration/logging.properties
	module.path = /var/lib/openshift/53189cd8ddce949bf8000016/app-root/runtime/repo//.openshift/config/modules:/var/lib/openshift/53189cd8ddce949bf8000016/jbossas//modules
	org.apache.coyote.http11.Http11Protocol.COMPRESSION = on
	org.apache.tomcat.util.LOW_MEMORY = true
	org.jboss.boot.log.file = /var/lib/openshift/53189cd8ddce949bf8000016/jbossas/standalone/log/boot.log
	org.jboss.resolver.warning = true
	org.xml.sax.driver = __redirected.__XMLReaderFactory
	os.arch = amd64
	os.name = Linux
	os.version = 3.11.10-200.fc19.x86_64
	path.separator = :
	sun.arch.data.model = 64
	sun.boot.class.path = /usr/lib/jvm/java-1.7.0-openjdk-1.7.0.60-2.4.5.0.fc19.x86_64/jre/lib/alt-rt.jar:/usr/lib/jvm/java-1.7.0-openjdk-1.7.0.60-2.4.5.0.fc19.x86_64/jre/lib/resources.jar:/usr/lib/jvm/java-1.7.0-openjdk-1.7.0.60-2.4.5.0.fc19.x86_64/jre/lib/rt.jar:/usr/lib/jvm/java-1.7.0-openjdk-1.7.0.60-2.4.5.0.fc19.x86_64/jre/lib/sunrsasign.jar:/usr/lib/jvm/java-1.7.0-openjdk-1.7.0.60-2.4.5.0.fc19.x86_64/jre/lib/jsse.jar:/usr/lib/jvm/java-1.7.0-openjdk-1.7.0.60-2.4.5.0.fc19.x86_64/jre/lib/jce.jar:/usr/lib/jvm/java-1.7.0-openjdk-1.7.0.60-2.4.5.0.fc19.x86_64/jre/lib/charsets.jar:/usr/lib/jvm/java-1.7.0-openjdk-1.7.0.60-2.4.5.0.fc19.x86_64/jre/lib/netx.jar:/usr/lib/jvm/java-1.7.0-openjdk-1.7.0.60-2.4.5.0.fc19.x86_64/jre/lib/plugin.jar:/usr/lib/jvm/java-1.7.0-openjdk-1.7.0.60-2.4.5.0.fc19.x86_64/jre/lib/rhino.jar:/usr/lib/jvm/java-1.7.0-openjdk-1.7.0.60-2.4.5.0.fc19.x86_64/jre/lib/jfr.jar:/usr/lib/jvm/java-1.7.0-openjdk-1.7.0.60-2.4.5.0.fc19.x86_64/jre/classes
	sun.boot.library.path = /usr/lib/jvm/java-1.7.0-openjdk-1.7.0.60-2.4.5.0.fc19.x86_64/jre/lib/amd64
	sun.cpu.endian = little
	sun.cpu.isalist = 
	sun.io.unicode.encoding = UnicodeLittle
	sun.java.command = /var/lib/openshift/53189cd8ddce949bf8000016/jbossas/jboss-modules.jar -mp /var/lib/openshift/53189cd8ddce949bf8000016/app-root/runtime/repo//.openshift/config/modules:/var/lib/openshift/53189cd8ddce949bf8000016/jbossas//modules -jaxpmodule javax.xml.jaxp-provider org.jboss.as.standalone -Djboss.home.dir=/var/lib/openshift/53189cd8ddce949bf8000016/jbossas
	sun.java.launcher = SUN_STANDARD
	sun.jnu.encoding = ANSI_X3.4-1968
	sun.management.compiler = HotSpot 64-Bit Tiered Compilers
	sun.os.patch.level = unknown
	user.country = US
	user.dir = /var/lib/openshift/53189cd8ddce949bf8000016/jbossas
	user.home = /var/lib/openshift/53189cd8ddce949bf8000016
	user.language = en
	user.name = 53189cd8ddce949bf8000016
	user.timezone = US/Pacific
08:05:55,754 DEBUG [org.jboss.as.config] VM Arguments: -D[Standalone] -XX:+UseCompressedOops -XX:+TieredCompilation -Xmx256m -XX:MaxPermSize=102m -XX:+AggressiveOpts -Dorg.apache.tomcat.util.LOW_MEMORY=true -DOPENSHIFT_APP_UUID=53189cd8ddce949bf8000016 -Dorg.jboss.resolver.warning=true -Djava.net.preferIPv4Stack=true -Dfile.encoding=UTF-8 -Djava.net.preferIPv4Stack=true -Djboss.node.name=jboss7-neo4j.openshift.local -Djgroups.bind_addr=127.1.245.129 -Dorg.apache.coyote.http11.Http11Protocol.COMPRESSION=on -Dorg.jboss.boot.log.file=/var/lib/openshift/53189cd8ddce949bf8000016/jbossas/standalone/log/boot.log -Dlogging.configuration=file:/var/lib/openshift/53189cd8ddce949bf8000016/jbossas/standalone/configuration/logging.properties 
08:06:00,661 WARN  [org.jboss.as.server] JBAS015883: No security realm defined for native management service; all access will be unrestricted.
08:06:00,760 INFO  [org.xnio] XNIO Version 3.0.3.GA
08:06:00,764 INFO  [org.jboss.as.server] JBAS015888: Creating http management service using socket-binding (management-http)
08:06:00,765 WARN  [org.jboss.as.server] JBAS015884: No security realm defined for http management service; all access will be unrestricted.
08:06:00,777 INFO  [org.xnio.nio] XNIO NIO Implementation Version 3.0.3.GA
08:06:00,807 INFO  [org.jboss.remoting] JBoss Remoting version 3.2.4.GA
08:06:00,951 INFO  [org.jboss.as.jacorb] JBAS016300: Activating JacORB Subsystem
08:06:00,963 INFO  [org.jboss.as.clustering.infinispan] JBAS010280: Activating Infinispan subsystem.
08:06:00,987 INFO  [org.jboss.as.osgi] JBAS011940: Activating OSGi Subsystem
08:06:01,001 INFO  [org.jboss.as.security] JBAS013101: Activating Security Subsystem
08:06:01,017 INFO  [org.jboss.as.configadmin] JBAS016200: Activating ConfigAdmin Subsystem
08:06:01,019 INFO  [org.jboss.as.webservices] JBAS015537: Activating WebServices Extension
08:06:01,021 INFO  [org.jboss.as.naming] JBAS011800: Activating Naming Subsystem
08:06:01,032 WARN  [org.jboss.as.domain.http.api] JBAS015102: Unable to load console module for slot main, disabling console
08:06:01,040 INFO  [org.jboss.as.clustering.jgroups] JBAS010260: Activating JGroups subsystem.
08:06:01,163 INFO  [org.jboss.as.logging] JBAS011502: Removing bootstrap log handlers
